<?xml version="1.0" encoding="UTF-8"?>
<!-- Generated by org.testng.reporters.JUnitReportReporter -->
<testsuite hostname="Mahedi" failures="0" tests="2" name="LoginTC" time="98.078" errors="0" timestamp="2019-10-15T15:54:52 BDT" skipped="0">
  <testcase classname="LoginTC" name="addCustomer" time="14.342"/>
  <testcase classname="LoginTC" name="Login" time="83.736"/>
</testsuite> <!-- LoginTC -->
